<?xml version="1.0" encoding="UTF-8"?>
<!-- Generated by org.testng.reporters.JUnitReportReporter -->
<testsuite hostname="DST60332" name="com.usst.kumara.TestParameterXML" tests="1" failures="0" timestamp="10 May 2017 08:14:25 GMT" time="0.010" errors="0">
  <testcase name="parameter" time="0.010" classname="com.usst.kumara.TestParameterXML"/>
</testsuite> <!-- com.usst.kumara.TestParameterXML -->
