<?xml version="1.0" encoding="UTF-8"?>
<!-- Generated by org.testng.reporters.JUnitReportReporter -->
<testsuite hostname="DST60332" name="com.usst.kumara.testGroup" tests="1" failures="0" timestamp="11 May 2017 04:24:01 GMT" time="0.008" errors="0">
  <testcase name="testLogin" time="0.008" classname="com.usst.kumara.testGroup"/>
</testsuite> <!-- com.usst.kumara.testGroup -->
