<?xml version="1.0" encoding="UTF-8"?>
<!-- Generated by org.testng.reporters.JUnitReportReporter -->
<testsuite hostname="DST60332" name="testNGExample" tests="1" failures="0" timestamp="1 Apr 2017 06:48:05 GMT" time="0.010" errors="0">
  <testcase name="testPrintMessage" time="0.010" classname="testNGExample"/>
</testsuite> <!-- testNGExample -->
